#
# An unexpected error has been detected by Java Runtime Environment:
#
#  Internal Error (434C41535326494C453041525345520E4350500B65), pid=4052, tid=348
#
# Java VM: Java HotSpot(TM) Client VM (1.6.0_03-b05 mixed mode)
# If you would like to submit a bug report, please visit:
#   http://java.sun.com/webapps/bugreport/crash.jsp
#

---------------  T H R E A D  ---------------

Current thread (0x02737c00):  JavaThread "Unknown thread" [_thread_in_vm, id=348]

Stack: [0x00370000,0x003c0000)
[error occurred during error reporting, step 110, id 0xc00000fd]

Native frames: (J=compiled Java code, j=interpreted, Vv=VM code, C=native code)
C  [javaw.exe+0xc4fc]
C  [javaw.exe+0x81b5]
C  [kernel32.dll+0x1336a]
C  [ntdll.dll+0x39f72]
C  [ntdll.dll+0x39f45]


---------------  P R O C E S S  ---------------

Java Threads: ( => current thread )

Other Threads:

VM state:not at safepoint (not fully initilizated)

VM Mutex/Monitor currently owned by a thread: None

Heap
 def new generation   total 960K, used 0K [0x04740000, 0x04840000, 0x04c20000)
  eden space 896K,   0% used [0x04740000, 0x04740000, 0x04820000)
  from space 64K,   0% used [0x04820000, 0x04820000, 0x04830000)
  to   space 64K,   0% used [0x04830000, 0x04830000, 0x04840000)
 tenured generation   total 4096K, used 0K [0x04c20000, 0x05020000, 0x08740000)
   the space 4096K,   0% used [0x04c20000, 0x04c20000, 0x04c20200, 0x05020000)
 compacting perm gen  total 12288K, used 100K [0x08740000, 0x09340000, 0x0c740000)
   the space 12288K,   0% used [0x08740000, 0x08759360, 0x08759400, 0x09340000)
No shared spaces configured.

Dynamic libraries:
0x00400000 - 0x00423000 	D:\Java\jdk1.6.0_03\bin\javaw.exe
0x771f0000 - 0x77370000 	C:\Windows\SysWOW64\ntdll.dll
0x76be0000 - 0x76cf0000 	C:\Windows\syswow64\kernel32.dll
0x74ef0000 - 0x74f37000 	C:\Windows\syswow64\KERNELBASE.dll
0x76570000 - 0x76610000 	C:\Windows\syswow64\ADVAPI32.dll
0x76cf0000 - 0x76d9c000 	C:\Windows\syswow64\msvcrt.dll
0x74fa0000 - 0x74fb9000 	C:\Windows\SysWOW64\sechost.dll
0x76290000 - 0x76380000 	C:\Windows\syswow64\RPCRT4.dll
0x74d50000 - 0x74db0000 	C:\Windows\syswow64\SspiCli.dll
0x74d40000 - 0x74d4c000 	C:\Windows\syswow64\CRYPTBASE.dll
0x75ff0000 - 0x760f0000 	C:\Windows\syswow64\USER32.dll
0x76b50000 - 0x76be0000 	C:\Windows\syswow64\GDI32.dll
0x75fe0000 - 0x75fea000 	C:\Windows\syswow64\LPK.dll
0x74db0000 - 0x74e4d000 	C:\Windows\syswow64\USP10.dll
0x74e90000 - 0x74ef0000 	C:\Windows\system32\IMM32.DLL
0x76380000 - 0x7644c000 	C:\Windows\syswow64\MSCTF.dll
0x7c340000 - 0x7c396000 	D:\Java\jdk1.6.0_03\jre\bin\msvcr71.dll
0x6d870000 - 0x6daba000 	D:\Java\jdk1.6.0_03\jre\bin\client\jvm.dll
0x73610000 - 0x73642000 	C:\Windows\system32\WINMM.dll
0x72950000 - 0x7299c000 	C:\Windows\system32\apphelp.dll
0x6d3c0000 - 0x6d3c8000 	D:\Java\jdk1.6.0_03\jre\bin\hpi.dll
0x771c0000 - 0x771c5000 	C:\Windows\syswow64\PSAPI.DLL
0x6d820000 - 0x6d82c000 	D:\Java\jdk1.6.0_03\jre\bin\verify.dll
0x6d460000 - 0x6d47f000 	D:\Java\jdk1.6.0_03\jre\bin\java.dll
0x6d860000 - 0x6d86f000 	D:\Java\jdk1.6.0_03\jre\bin\zip.dll

VM Arguments:
jvm_args: -Dfile.encoding=GBK -Xbootclasspath:D:\Android\android-sdk-windows\platforms\android-11\android.jar
java_command: com.whut.chemistrylab.test.TestReadLongText
Launcher Type: SUN_STANDARD

Environment Variables:
JAVA_HOME=D:\Java\jdk1.6.0_03
JRE_HOME=D:\Java\jre1.6.0_03
CLASSPATH=.;D:\Java\jdk1.6.0_03\lib\tools.jar;D:\Java\jdk1.6.0_03\lib\dt.jar;D:\Java\jre1.6.0_03\lib\rt.jar;D:\Java\jdk1.6.0_03\jre\lib\rt.jar;
PATH=D:/Java/jre1.6.0_03/bin/client;D:/Java/jre1.6.0_03/bin;D:/Java/jre1.6.0_03/lib/i386;C:\Program Files (x86)\AMD APP\bin\x86_64;C:\Program Files (x86)\AMD APP\bin\x86;C:\Windows\system32;C:\Windows;C:\Windows\System32\Wbem;C:\Windows\System32\WindowsPowerShell\v1.0\;C:\Program Files (x86)\ATI Technologies\ATI.ACE\Core-Static;;C:\Program Files (x86)\Microsoft SQL Server\90\Tools\binn\;D:\MySQL\MySQL Server 5.1\bin;D:\Java\jdk1.6.0_03\bin;D:\Java\jdk1.6.0_03\jre\bin;D:\Android\android-sdk-windows\tools;D:\Android\android-sdk-windows\platform-tools;C:\Program Files (x86)\Microsoft ASP.NET\ASP.NET Web Pages\v1.0\;D:\Program Files\TortoiseSVN\bin;D:\Ecllipse\eclipse3.7\eclipse;
USERNAME=ThinkPad
OS=Windows_NT
PROCESSOR_IDENTIFIER=AMD64 Family 21 Model 16 Stepping 1, AuthenticAMD



---------------  S Y S T E M  ---------------

OS: Windows NT 6.1 Build 7601 Service Pack 1

CPU:total 4 (4 cores per cpu, 1 threads per core) family 21 model 16 stepping 1, cmov, cx8, fxsr, mmx, sse, sse2, sse3, ssse3, sse4, mmxext, sse4a

Memory: 4k page, physical 4194303k(2303036k free), swap 4194303k(4194303k free)

vm_info: Java HotSpot(TM) Client VM (1.6.0_03-b05) for windows-x86, built on Sep 24 2007 22:24:33 by "java_re" with unknown MS VC++:1310

